#! /usr/bin/vvp
:ivl_version "10.1 (stable)";
:ivl_delay_selection "TYPICAL";
:vpi_time_precision + 0;
:vpi_module "system";
:vpi_module "vhdl_sys";
:vpi_module "v2005_math";
:vpi_module "va_math";
S_0x55b723b33f80 .scope module, "testbench" "testbench" 2 218;
 .timescale 0 0;
v0x55b723b54d30_0 .var "clk", 0 0;
v0x55b723b54dd0_0 .net "halted", 0 0, v0x55b723b542f0_0;  1 drivers
v0x55b723b54e70_0 .var "reset", 0 0;
S_0x55b723b34100 .scope module, "PE" "processor" 2 222, 2 42 0, S_0x55b723b33f80;
 .timescale 0 0;
    .port_info 0 /OUTPUT 1 "halt"
    .port_info 1 /INPUT 1 "reset"
    .port_info 2 /INPUT 1 "clk"
v0x55b723b24580_0 .var "PC_in0", 15 0;
v0x55b723b2b770_0 .var "PC_in1", 15 0;
v0x55b723b2d2e0_0 .var "PC_in2", 15 0;
v0x55b723b53d20_0 .var "PC_in3", 15 0;
v0x55b723b53e00_0 .var "PREflag", 0 0;
v0x55b723b53f10_0 .var "PREval", 11 0;
v0x55b723b53ff0_0 .var "Zflag", 0 0;
v0x55b723b540b0_0 .net "clk", 0 0, v0x55b723b54d30_0;  1 drivers
v0x55b723b54170 .array "datamem", 0 65535, 15 0;
v0x55b723b54230_0 .var "frz", 0 0;
v0x55b723b542f0_0 .var "halt", 0 0;
v0x55b723b543b0_0 .var "init", 0 0;
v0x55b723b54470 .array "instrmem", 0 65535, 15 0;
v0x55b723b54530_0 .var "ir_in0", 15 0;
v0x55b723b54610_0 .var "ir_in2", 15 0;
v0x55b723b546f0_0 .var "ir_in3", 15 0;
v0x55b723b547d0_0 .var "op1", 15 0;
v0x55b723b548b0_0 .var "op2", 15 0;
v0x55b723b54990_0 .var "outputVal", 15 0;
v0x55b723b54a70_0 .var "regWrite", 0 0;
v0x55b723b54b30 .array "regfile", 0 15, 15 0;
v0x55b723b54bf0_0 .net "reset", 0 0, v0x55b723b54e70_0;  1 drivers
E_0x55b723b02640 .event posedge, v0x55b723b540b0_0;
E_0x55b723b02200 .event edge, v0x55b723b54bf0_0;
    .scope S_0x55b723b34100;
T_0 ;
    %wait E_0x55b723b02200;
    %pushi/vec4 0, 0, 1;
    %store/vec4 v0x55b723b542f0_0, 0, 1;
    %pushi/vec4 1, 0, 1;
    %store/vec4 v0x55b723b543b0_0, 0, 1;
    %pushi/vec4 0, 0, 1;
    %store/vec4 v0x55b723b54230_0, 0, 1;
    %pushi/vec4 0, 0, 1;
    %store/vec4 v0x55b723b53ff0_0, 0, 1;
    %pushi/vec4 0, 0, 16;
    %store/vec4 v0x55b723b24580_0, 0, 16;
    %pushi/vec4 0, 0, 12;
    %store/vec4 v0x55b723b53f10_0, 0, 12;
    %pushi/vec4 0, 0, 1;
    %store/vec4 v0x55b723b53e00_0, 0, 1;
    %vpi_call 2 64 "$readmemh", "instruction.mem", v0x55b723b54470 {0 0 0};
    %vpi_call 2 65 "$readmemh", "regfile.mem", v0x55b723b54b30 {0 0 0};
    %jmp T_0;
    .thread T_0, $push;
    .scope S_0x55b723b34100;
T_1 ;
    %wait E_0x55b723b02640;
    %load/vec4 v0x55b723b543b0_0;
    %nor/r;
    %load/vec4 v0x55b723b54a70_0;
    %and;
    %load/vec4 v0x55b723b54530_0;
    %parti/s 4, 4, 4;
    %pushi/vec4 15, 0, 4;
    %cmp/e;
    %flag_get/vec4 4;
    %nor/r;
    %and;
    %flag_set/vec4 8;
    %jmp/0xz  T_1.0, 8;
    %load/vec4 v0x55b723b54990_0;
    %load/vec4 v0x55b723b54530_0;
    %parti/s 4, 4, 4;
    %pad/u 6;
    %ix/vec4 4;
    %store/vec4a v0x55b723b54b30, 4, 0;
T_1.0 ;
    %load/vec4 v0x55b723b54530_0;
    %parti/s 2, 9, 5;
    %pushi/vec4 1, 0, 2;
    %cmp/e;
    %flag_get/vec4 4;
    %load/vec4 v0x55b723b54530_0;
    %parti/s 2, 14, 5;
    %pushi/vec4 3, 0, 2;
    %cmp/e;
    %flag_get/vec4 4;
    %inv;
    %and;
    %load/vec4 v0x55b723b543b0_0;
    %nor/r;
    %and;
    %flag_set/vec4 8;
    %jmp/0xz  T_1.2, 8;
    %load/vec4 v0x55b723b54990_0;
    %nor/r;
    %store/vec4 v0x55b723b53ff0_0, 0, 1;
T_1.2 ;
    %load/vec4 v0x55b723b54530_0;
    %parti/s 4, 4, 4;
    %cmpi/e 15, 0, 4;
    %jmp/0xz  T_1.4, 4;
    %load/vec4 v0x55b723b54990_0;
    %addi 1, 0, 16;
    %assign/vec4 v0x55b723b24580_0, 0;
    %load/vec4 v0x55b723b54990_0;
    %assign/vec4 v0x55b723b2b770_0, 0;
    %load/vec4 v0x55b723b54990_0;
    %ix/load 3, 15, 0;
    %flag_set/imm 4, 0;
    %ix/load 4, 0, 0; Constant delay
    %assign/vec4/a/d v0x55b723b54b30, 0, 4;
    %pushi/vec4 0, 0, 1;
    %assign/vec4 v0x55b723b54230_0, 0;
    %jmp T_1.5;
T_1.4 ;
    %load/vec4 v0x55b723b54230_0;
    %nor/r;
    %flag_set/vec4 8;
    %jmp/0xz  T_1.6, 8;
    %load/vec4 v0x55b723b24580_0;
    %addi 1, 0, 16;
    %assign/vec4 v0x55b723b24580_0, 0;
    %load/vec4 v0x55b723b24580_0;
    %assign/vec4 v0x55b723b2b770_0, 0;
    %load/vec4 v0x55b723b53d20_0;
    %cmpi/e 65535, 65535, 16;
    %jmp/0xz  T_1.8, 6;
    %pushi/vec4 0, 0, 16;
    %ix/load 3, 15, 0;
    %flag_set/imm 4, 0;
    %ix/load 4, 0, 0; Constant delay
    %assign/vec4/a/d v0x55b723b54b30, 0, 4;
    %jmp T_1.9;
T_1.8 ;
    %load/vec4 v0x55b723b53d20_0;
    %addi 1, 0, 16;
    %ix/load 3, 15, 0;
    %flag_set/imm 4, 0;
    %ix/load 4, 0, 0; Constant delay
    %assign/vec4/a/d v0x55b723b54b30, 0, 4;
T_1.9 ;
T_1.6 ;
T_1.5 ;
    %jmp T_1;
    .thread T_1;
    .scope S_0x55b723b34100;
T_2 ;
    %wait E_0x55b723b02640;
    %load/vec4 v0x55b723b2b770_0;
    %pad/u 17;
    %load/vec4 v0x55b723b54230_0;
    %pad/u 17;
    %sub;
    %pad/u 18;
    %ix/vec4 4;
    %load/vec4a v0x55b723b54470, 4;
    %parti/s 2, 14, 5;
    %cmpi/e 3, 0, 2;
    %jmp/0xz  T_2.0, 4;
    %load/vec4 v0x55b723b2b770_0;
    %pad/u 17;
    %load/vec4 v0x55b723b54230_0;
    %pad/u 17;
    %sub;
    %pad/u 18;
    %ix/vec4 4;
    %load/vec4a v0x55b723b54470, 4;
    %parti/s 12, 0, 2;
    %assign/vec4 v0x55b723b53f10_0, 0;
    %pushi/vec4 0, 0, 1;
    %assign/vec4 v0x55b723b54230_0, 0;
    %load/vec4 v0x55b723b2b770_0;
    %pad/u 17;
    %load/vec4 v0x55b723b54230_0;
    %pad/u 17;
    %sub;
    %pad/u 18;
    %ix/vec4 4;
    %load/vec4a v0x55b723b54470, 4;
    %parti/s 2, 9, 5;
    %pushi/vec4 2, 0, 2;
    %cmp/e;
    %flag_get/vec4 4;
    %load/vec4 v0x55b723b53ff0_0;
    %pad/u 32;
    %pushi/vec4 0, 0, 32;
    %cmp/e;
    %flag_get/vec4 4;
    %and;
    %load/vec4 v0x55b723b2b770_0;
    %pad/u 17;
    %load/vec4 v0x55b723b54230_0;
    %pad/u 17;
    %sub;
    %pad/u 18;
    %ix/vec4 4;
    %load/vec4a v0x55b723b54470, 4;
    %parti/s 2, 9, 5;
    %pushi/vec4 3, 0, 2;
    %cmp/e;
    %flag_get/vec4 4;
    %load/vec4 v0x55b723b53ff0_0;
    %pad/u 32;
    %pushi/vec4 1, 0, 32;
    %cmp/e;
    %flag_get/vec4 4;
    %and;
    %or;
    %nor/r;
    %flag_set/vec4 8;
    %jmp/0xz  T_2.2, 8;
    %load/vec4 v0x55b723b2b770_0;
    %pad/u 17;
    %load/vec4 v0x55b723b54230_0;
    %pad/u 17;
    %sub;
    %pad/u 18;
    %ix/vec4 4;
    %load/vec4a v0x55b723b54470, 4;
    %assign/vec4 v0x55b723b54610_0, 0;
    %load/vec4 v0x55b723b2b770_0;
    %assign/vec4 v0x55b723b2d2e0_0, 0;
T_2.2 ;
    %jmp T_2.1;
T_2.0 ;
    %load/vec4 v0x55b723b546f0_0;
    %parti/s 4, 4, 4;
    %cmpi/e 15, 0, 4;
    %flag_mov 8, 4;
    %load/vec4 v0x55b723b54610_0;
    %parti/s 4, 4, 4;
    %cmpi/e 15, 0, 4;
    %flag_or 4, 8;
    %flag_mov 8, 4;
    %load/vec4 v0x55b723b54530_0;
    %parti/s 4, 4, 4;
    %cmpi/e 15, 0, 4;
    %flag_or 4, 8;
    %flag_mov 8, 4;
    %load/vec4 v0x55b723b2b770_0;
    %pad/u 17;
    %load/vec4 v0x55b723b54230_0;
    %pad/u 17;
    %sub;
    %pad/u 18;
    %ix/vec4 4;
    %load/vec4a v0x55b723b54470, 4;
    %parti/s 1, 8, 5;
    %load/vec4 v0x55b723b2b770_0;
    %pad/u 17;
    %load/vec4 v0x55b723b54230_0;
    %pad/u 17;
    %sub;
    %pad/u 18;
    %ix/vec4 4;
    %load/vec4a v0x55b723b54470, 4;
    %parti/s 4, 0, 2;
    %load/vec4 v0x55b723b546f0_0;
    %parti/s 4, 4, 4;
    %cmp/e;
    %flag_get/vec4 4;
    %and;
    %flag_set/vec4 9;
    %flag_or 9, 8;
    %load/vec4 v0x55b723b2b770_0;
    %pad/u 17;
    %load/vec4 v0x55b723b54230_0;
    %pad/u 17;
    %sub;
    %pad/u 18;
    %ix/vec4 4;
    %load/vec4a v0x55b723b54470, 4;
    %parti/s 1, 8, 5;
    %load/vec4 v0x55b723b2b770_0;
    %pad/u 17;
    %load/vec4 v0x55b723b54230_0;
    %pad/u 17;
    %sub;
    %pad/u 18;
    %ix/vec4 4;
    %load/vec4a v0x55b723b54470, 4;
    %parti/s 4, 0, 2;
    %load/vec4 v0x55b723b54610_0;
    %parti/s 4, 4, 4;
    %cmp/e;
    %flag_get/vec4 4;
    %and;
    %flag_set/vec4 8;
    %flag_or 8, 9;
    %load/vec4 v0x55b723b2b770_0;
    %pad/u 17;
    %load/vec4 v0x55b723b54230_0;
    %pad/u 17;
    %sub;
    %pad/u 18;
    %ix/vec4 4;
    %load/vec4a v0x55b723b54470, 4;
    %parti/s 1, 8, 5;
    %load/vec4 v0x55b723b2b770_0;
    %pad/u 17;
    %load/vec4 v0x55b723b54230_0;
    %pad/u 17;
    %sub;
    %pad/u 18;
    %ix/vec4 4;
    %load/vec4a v0x55b723b54470, 4;
    %parti/s 4, 0, 2;
    %load/vec4 v0x55b723b54530_0;
    %parti/s 4, 4, 4;
    %cmp/e;
    %flag_get/vec4 4;
    %and;
    %flag_set/vec4 9;
    %flag_or 9, 8;
    %load/vec4 v0x55b723b2b770_0;
    %pad/u 17;
    %load/vec4 v0x55b723b54230_0;
    %pad/u 17;
    %sub;
    %pad/u 18;
    %ix/vec4 4;
    %load/vec4a v0x55b723b54470, 4;
    %parti/s 4, 4, 4;
    %load/vec4 v0x55b723b546f0_0;
    %parti/s 4, 4, 4;
    %cmp/e;
    %flag_or 4, 9;
    %flag_mov 8, 4;
    %load/vec4 v0x55b723b2b770_0;
    %pad/u 17;
    %load/vec4 v0x55b723b54230_0;
    %pad/u 17;
    %sub;
    %pad/u 18;
    %ix/vec4 4;
    %load/vec4a v0x55b723b54470, 4;
    %parti/s 4, 4, 4;
    %load/vec4 v0x55b723b54610_0;
    %parti/s 4, 4, 4;
    %cmp/e;
    %flag_or 4, 8;
    %flag_mov 8, 4;
    %load/vec4 v0x55b723b2b770_0;
    %pad/u 17;
    %load/vec4 v0x55b723b54230_0;
    %pad/u 17;
    %sub;
    %pad/u 18;
    %ix/vec4 4;
    %load/vec4a v0x55b723b54470, 4;
    %parti/s 4, 4, 4;
    %load/vec4 v0x55b723b54530_0;
    %parti/s 4, 4, 4;
    %cmp/e;
    %flag_or 4, 8;
    %flag_mov 8, 4;
    %load/vec4 v0x55b723b54530_0;
    %parti/s 2, 9, 5;
    %cmpi/e 1, 0, 2;
    %flag_or 4, 8;
    %flag_mov 8, 4;
    %load/vec4 v0x55b723b54610_0;
    %parti/s 2, 9, 5;
    %cmpi/e 1, 0, 2;
    %flag_or 4, 8;
    %flag_mov 8, 4;
    %load/vec4 v0x55b723b546f0_0;
    %parti/s 2, 9, 5;
    %cmpi/e 1, 0, 2;
    %flag_or 4, 8;
    %flag_mov 8, 4;
    %load/vec4 v0x55b723b2b770_0;
    %pad/u 17;
    %load/vec4 v0x55b723b54230_0;
    %pad/u 17;
    %sub;
    %pad/u 18;
    %ix/vec4 4;
    %load/vec4a v0x55b723b54470, 4;
    %pushi/vec4 7, 0, 16;
    %cmp/e;
    %flag_get/vec4 4;
    %load/vec4 v0x55b723b54530_0;
    %parti/s 5, 11, 5;
    %pushi/vec4 15, 0, 5;
    %cmp/e;
    %flag_get/vec4 4;
    %load/vec4 v0x55b723b54610_0;
    %parti/s 5, 11, 5;
    %pushi/vec4 15, 0, 5;
    %cmp/e;
    %flag_get/vec4 4;
    %or;
    %load/vec4 v0x55b723b546f0_0;
    %parti/s 5, 11, 5;
    %pushi/vec4 15, 0, 5;
    %cmp/e;
    %flag_get/vec4 4;
    %or;
    %and;
    %flag_set/vec4 9;
    %flag_or 9, 8;
    %load/vec4 v0x55b723b2b770_0;
    %pad/u 17;
    %load/vec4 v0x55b723b54230_0;
    %pad/u 17;
    %sub;
    %pad/u 18;
    %ix/vec4 4;
    %load/vec4a v0x55b723b54470, 4;
    %pushi/vec4 15, 0, 16;
    %cmp/e;
    %flag_get/vec4 4;
    %load/vec4 v0x55b723b54530_0;
    %parti/s 5, 11, 5;
    %pushi/vec4 7, 0, 5;
    %cmp/e;
    %flag_get/vec4 4;
    %load/vec4 v0x55b723b54610_0;
    %parti/s 5, 11, 5;
    %pushi/vec4 7, 0, 5;
    %cmp/e;
    %flag_get/vec4 4;
    %or;
    %load/vec4 v0x55b723b546f0_0;
    %parti/s 5, 11, 5;
    %pushi/vec4 7, 0, 5;
    %cmp/e;
    %flag_get/vec4 4;
    %or;
    %and;
    %flag_set/vec4 8;
    %flag_or 8, 9;
    %jmp/0xz  T_2.4, 8;
    %pushi/vec4 65535, 32767, 16;
    %assign/vec4 v0x55b723b54610_0, 0;
    %pushi/vec4 1, 0, 1;
    %assign/vec4 v0x55b723b54230_0, 0;
    %jmp T_2.5;
T_2.4 ;
    %pushi/vec4 0, 0, 1;
    %assign/vec4 v0x55b723b54230_0, 0;
    %load/vec4 v0x55b723b2b770_0;
    %pad/u 17;
    %load/vec4 v0x55b723b54230_0;
    %pad/u 17;
    %sub;
    %pad/u 18;
    %ix/vec4 4;
    %load/vec4a v0x55b723b54470, 4;
    %parti/s 2, 9, 5;
    %pushi/vec4 2, 0, 2;
    %cmp/e;
    %flag_get/vec4 4;
    %load/vec4 v0x55b723b53ff0_0;
    %pad/u 32;
    %pushi/vec4 0, 0, 32;
    %cmp/e;
    %flag_get/vec4 4;
    %and;
    %load/vec4 v0x55b723b2b770_0;
    %pad/u 17;
    %load/vec4 v0x55b723b54230_0;
    %pad/u 17;
    %sub;
    %pad/u 18;
    %ix/vec4 4;
    %load/vec4a v0x55b723b54470, 4;
    %parti/s 2, 9, 5;
    %pushi/vec4 3, 0, 2;
    %cmp/e;
    %flag_get/vec4 4;
    %load/vec4 v0x55b723b53ff0_0;
    %pad/u 32;
    %pushi/vec4 1, 0, 32;
    %cmp/e;
    %flag_get/vec4 4;
    %and;
    %or;
    %nor/r;
    %flag_set/vec4 8;
    %jmp/0xz  T_2.6, 8;
    %load/vec4 v0x55b723b2b770_0;
    %pad/u 17;
    %load/vec4 v0x55b723b54230_0;
    %pad/u 17;
    %sub;
    %pad/u 18;
    %ix/vec4 4;
    %load/vec4a v0x55b723b54470, 4;
    %assign/vec4 v0x55b723b54610_0, 0;
    %load/vec4 v0x55b723b2b770_0;
    %assign/vec4 v0x55b723b2d2e0_0, 0;
T_2.6 ;
T_2.5 ;
T_2.1 ;
    %jmp T_2;
    .thread T_2;
    .scope S_0x55b723b34100;
T_3 ;
    %wait E_0x55b723b02640;
    %load/vec4 v0x55b723b54610_0;
    %parti/s 2, 14, 5;
    %cmpi/e 3, 0, 2;
    %jmp/0xz  T_3.0, 4;
    %pushi/vec4 1, 0, 1;
    %assign/vec4 v0x55b723b53e00_0, 0;
T_3.0 ;
    %load/vec4 v0x55b723b54610_0;
    %parti/s 4, 4, 4;
    %pad/u 6;
    %ix/vec4 4;
    %load/vec4a v0x55b723b54b30, 4;
    %assign/vec4 v0x55b723b547d0_0, 0;
    %load/vec4 v0x55b723b54610_0;
    %parti/s 1, 8, 5;
    %pad/u 32;
    %cmpi/e 1, 0, 32;
    %jmp/0xz  T_3.2, 4;
    %load/vec4 v0x55b723b54610_0;
    %parti/s 4, 0, 2;
    %pad/u 6;
    %ix/vec4 4;
    %load/vec4a v0x55b723b54b30, 4;
    %assign/vec4 v0x55b723b548b0_0, 0;
    %jmp T_3.3;
T_3.2 ;
    %load/vec4 v0x55b723b53e00_0;
    %load/vec4 v0x55b723b54610_0;
    %pushi/vec4 65535, 32767, 16;
    %cmp/e;
    %flag_get/vec4 4;
    %inv;
    %and;
    %flag_set/vec4 8;
    %jmp/0xz  T_3.4, 8;
    %load/vec4 v0x55b723b53f10_0;
    %load/vec4 v0x55b723b54610_0;
    %parti/s 4, 0, 2;
    %concat/vec4; draw_concat_vec4
    %assign/vec4 v0x55b723b548b0_0, 0;
    %pushi/vec4 0, 0, 1;
    %assign/vec4 v0x55b723b53e00_0, 0;
    %jmp T_3.5;
T_3.4 ;
    %load/vec4 v0x55b723b54610_0;
    %parti/s 1, 3, 3;
    %replicate 12;
    %load/vec4 v0x55b723b54610_0;
    %parti/s 4, 0, 2;
    %concat/vec4; draw_concat_vec4
    %assign/vec4 v0x55b723b548b0_0, 0;
T_3.5 ;
T_3.3 ;
    %load/vec4 v0x55b723b54610_0;
    %assign/vec4 v0x55b723b546f0_0, 0;
    %load/vec4 v0x55b723b2d2e0_0;
    %assign/vec4 v0x55b723b53d20_0, 0;
    %jmp T_3;
    .thread T_3;
    .scope S_0x55b723b34100;
T_4 ;
    %wait E_0x55b723b02640;
    %load/vec4 v0x55b723b546f0_0;
    %cmpi/e 65535, 65535, 16;
    %flag_mov 8, 6;
    %load/vec4 v0x55b723b546f0_0;
    %cmpi/e 65535, 32767, 16;
    %flag_or 6, 8;
    %flag_mov 8, 6;
    %load/vec4 v0x55b723b546f0_0;
    %parti/s 2, 14, 5;
    %cmpi/e 3, 0, 2;
    %flag_or 4, 8;
    %jmp/0xz  T_4.0, 4;
    %delay 0, 0;
    %jmp T_4.1;
T_4.0 ;
    %load/vec4 v0x55b723b546f0_0;
    %parti/s 5, 11, 5;
    %dup/vec4;
    %pushi/vec4 0, 0, 5;
    %cmp/u;
    %jmp/1 T_4.2, 6;
    %dup/vec4;
    %pushi/vec4 17, 0, 5;
    %cmp/u;
    %jmp/1 T_4.3, 6;
    %dup/vec4;
    %pushi/vec4 9, 0, 5;
    %cmp/u;
    %jmp/1 T_4.4, 6;
    %dup/vec4;
    %pushi/vec4 2, 0, 5;
    %cmp/u;
    %jmp/1 T_4.5, 6;
    %dup/vec4;
    %pushi/vec4 12, 0, 5;
    %cmp/u;
    %jmp/1 T_4.6, 6;
    %dup/vec4;
    %pushi/vec4 4, 0, 5;
    %cmp/u;
    %jmp/1 T_4.7, 6;
    %dup/vec4;
    %pushi/vec4 3, 0, 5;
    %cmp/u;
    %jmp/1 T_4.8, 6;
    %dup/vec4;
    %pushi/vec4 16, 0, 5;
    %cmp/u;
    %jmp/1 T_4.9, 6;
    %dup/vec4;
    %pushi/vec4 8, 0, 5;
    %cmp/u;
    %jmp/1 T_4.10, 6;
    %dup/vec4;
    %pushi/vec4 11, 0, 5;
    %cmp/u;
    %jmp/1 T_4.11, 6;
    %dup/vec4;
    %pushi/vec4 14, 0, 5;
    %cmp/u;
    %jmp/1 T_4.12, 6;
    %dup/vec4;
    %pushi/vec4 15, 0, 5;
    %cmp/u;
    %jmp/1 T_4.13, 6;
    %dup/vec4;
    %pushi/vec4 7, 0, 5;
    %cmp/u;
    %jmp/1 T_4.14, 6;
    %pushi/vec4 1, 0, 1;
    %assign/vec4 v0x55b723b542f0_0, 0;
    %jmp T_4.16;
T_4.2 ;
    %load/vec4 v0x55b723b547d0_0;
    %load/vec4 v0x55b723b548b0_0;
    %add;
    %assign/vec4 v0x55b723b54990_0, 0;
    %pushi/vec4 1, 0, 1;
    %assign/vec4 v0x55b723b54a70_0, 0;
    %jmp T_4.16;
T_4.3 ;
    %load/vec4 v0x55b723b547d0_0;
    %load/vec4 v0x55b723b548b0_0;
    %sub;
    %assign/vec4 v0x55b723b54990_0, 0;
    %pushi/vec4 1, 0, 1;
    %assign/vec4 v0x55b723b54a70_0, 0;
    %jmp T_4.16;
T_4.4 ;
    %load/vec4 v0x55b723b547d0_0;
    %load/vec4 v0x55b723b548b0_0;
    %mul;
    %assign/vec4 v0x55b723b54990_0, 0;
    %pushi/vec4 1, 0, 1;
    %assign/vec4 v0x55b723b54a70_0, 0;
    %jmp T_4.16;
T_4.5 ;
    %load/vec4 v0x55b723b547d0_0;
    %load/vec4 v0x55b723b548b0_0;
    %and;
    %assign/vec4 v0x55b723b54990_0, 0;
    %pushi/vec4 1, 0, 1;
    %assign/vec4 v0x55b723b54a70_0, 0;
    %jmp T_4.16;
T_4.6 ;
    %load/vec4 v0x55b723b547d0_0;
    %load/vec4 v0x55b723b548b0_0;
    %or;
    %assign/vec4 v0x55b723b54990_0, 0;
    %pushi/vec4 1, 0, 1;
    %assign/vec4 v0x55b723b54a70_0, 0;
    %jmp T_4.16;
T_4.7 ;
    %load/vec4 v0x55b723b547d0_0;
    %load/vec4 v0x55b723b548b0_0;
    %xor;
    %assign/vec4 v0x55b723b54990_0, 0;
    %pushi/vec4 1, 0, 1;
    %assign/vec4 v0x55b723b54a70_0, 0;
    %jmp T_4.16;
T_4.8 ;
    %load/vec4 v0x55b723b547d0_0;
    %load/vec4 v0x55b723b548b0_0;
    %inv;
    %and;
    %assign/vec4 v0x55b723b54990_0, 0;
    %pushi/vec4 1, 0, 1;
    %assign/vec4 v0x55b723b54a70_0, 0;
    %jmp T_4.16;
T_4.9 ;
    %load/vec4 v0x55b723b547d0_0;
    %load/vec4 v0x55b723b548b0_0;
    %cmp/u;
    %flag_get/vec4 5;
    %pad/u 16;
    %assign/vec4 v0x55b723b54990_0, 0;
    %pushi/vec4 1, 0, 1;
    %assign/vec4 v0x55b723b54a70_0, 0;
    %jmp T_4.16;
T_4.10 ;
    %load/vec4 v0x55b723b548b0_0;
    %assign/vec4 v0x55b723b54990_0, 0;
    %pushi/vec4 1, 0, 1;
    %assign/vec4 v0x55b723b54a70_0, 0;
    %jmp T_4.16;
T_4.11 ;
    %load/vec4 v0x55b723b548b0_0;
    %muli 65535, 0, 16;
    %assign/vec4 v0x55b723b54990_0, 0;
    %pushi/vec4 1, 0, 1;
    %assign/vec4 v0x55b723b54a70_0, 0;
    %jmp T_4.16;
T_4.12 ;
    %pushi/vec4 0, 0, 32;
    %load/vec4 v0x55b723b548b0_0;
    %pad/u 32;
    %cmp/u;
    %flag_mov 8, 5;
    %jmp/0 T_4.17, 8;
    %load/vec4 v0x55b723b547d0_0;
    %ix/getv 4, v0x55b723b548b0_0;
    %shiftl 4;
    %jmp/1 T_4.18, 8;
T_4.17 ; End of true expr.
    %load/vec4 v0x55b723b547d0_0;
    %load/vec4 v0x55b723b548b0_0;
    %pad/u 32;
    %muli 4294967295, 0, 32;
    %ix/vec4 4;
    %shiftr 4;
    %jmp/0 T_4.18, 8;
 ; End of false expr.
    %blend;
T_4.18;
    %assign/vec4 v0x55b723b54990_0, 0;
    %pushi/vec4 1, 0, 1;
    %assign/vec4 v0x55b723b54a70_0, 0;
    %jmp T_4.16;
T_4.13 ;
    %load/vec4 v0x55b723b546f0_0;
    %parti/s 4, 4, 4;
    %pad/u 6;
    %ix/vec4 4;
    %load/vec4a v0x55b723b54b30, 4;
    %load/vec4 v0x55b723b548b0_0;
    %pad/u 18;
    %ix/vec4 3;
    %ix/load 4, 0, 0; Constant delay
    %assign/vec4/a/d v0x55b723b54170, 0, 4;
    %pushi/vec4 0, 0, 1;
    %assign/vec4 v0x55b723b54a70_0, 0;
    %jmp T_4.16;
T_4.14 ;
    %load/vec4 v0x55b723b548b0_0;
    %pad/u 18;
    %ix/vec4 4;
    %load/vec4a v0x55b723b54170, 4;
    %assign/vec4 v0x55b723b54990_0, 0;
    %pushi/vec4 1, 0, 1;
    %assign/vec4 v0x55b723b54a70_0, 0;
    %jmp T_4.16;
T_4.16 ;
    %pop/vec4 1;
T_4.1 ;
    %load/vec4 v0x55b723b546f0_0;
    %pushi/vec4 65535, 65535, 16;
    %cmp/e;
    %flag_get/vec4 6;
    %inv;
    %load/vec4 v0x55b723b543b0_0;
    %pad/u 32;
    %pushi/vec4 1, 0, 32;
    %cmp/e;
    %flag_get/vec4 4;
    %and;
    %flag_set/vec4 8;
    %jmp/0xz  T_4.19, 8;
    %pushi/vec4 0, 0, 1;
    %assign/vec4 v0x55b723b543b0_0, 0;
T_4.19 ;
    %load/vec4 v0x55b723b546f0_0;
    %pushi/vec4 65535, 65535, 16;
    %cmp/e;
    %flag_get/vec4 6;
    %load/vec4 v0x55b723b543b0_0;
    %pad/u 32;
    %pushi/vec4 0, 0, 32;
    %cmp/e;
    %flag_get/vec4 4;
    %and;
    %load/vec4 v0x55b723b54230_0;
    %pad/u 32;
    %pushi/vec4 0, 0, 32;
    %cmp/e;
    %flag_get/vec4 4;
    %and;
    %flag_set/vec4 8;
    %jmp/0xz  T_4.21, 8;
    %pushi/vec4 1, 0, 1;
    %assign/vec4 v0x55b723b542f0_0, 0;
T_4.21 ;
    %load/vec4 v0x55b723b24580_0;
    %pad/u 32;
    %cmpi/e 10000, 0, 32;
    %jmp/0xz  T_4.23, 4;
    %pushi/vec4 1, 0, 1;
    %assign/vec4 v0x55b723b542f0_0, 0;
T_4.23 ;
    %load/vec4 v0x55b723b546f0_0;
    %assign/vec4 v0x55b723b54530_0, 0;
    %jmp T_4;
    .thread T_4;
    .scope S_0x55b723b33f80;
T_5 ;
    %pushi/vec4 0, 0, 1;
    %store/vec4 v0x55b723b54e70_0, 0, 1;
    %end;
    .thread T_5;
    .scope S_0x55b723b33f80;
T_6 ;
    %pushi/vec4 0, 0, 1;
    %store/vec4 v0x55b723b54d30_0, 0, 1;
    %end;
    .thread T_6;
    .scope S_0x55b723b33f80;
T_7 ;
    %vpi_call 2 224 "$dumpfile", "pfloat.vcp" {0 0 0};
    %vpi_call 2 226 "$dumpvars", 32'sb00000000000000000000000000000000, S_0x55b723b34100, &A<v0x55b723b54b30, 0>, &A<v0x55b723b54b30, 1>, &A<v0x55b723b54b30, 2>, &A<v0x55b723b54b30, 3> {0 0 0};
    %delay 10, 0;
    %pushi/vec4 1, 0, 1;
    %store/vec4 v0x55b723b54e70_0, 0, 1;
    %delay 10, 0;
    %pushi/vec4 0, 0, 1;
    %store/vec4 v0x55b723b54e70_0, 0, 1;
T_7.0 ;
    %load/vec4 v0x55b723b54dd0_0;
    %nor/r;
    %flag_set/vec4 8;
    %jmp/0xz T_7.1, 8;
    %delay 10, 0;
    %pushi/vec4 1, 0, 1;
    %store/vec4 v0x55b723b54d30_0, 0, 1;
    %delay 10, 0;
    %pushi/vec4 0, 0, 1;
    %store/vec4 v0x55b723b54d30_0, 0, 1;
    %jmp T_7.0;
T_7.1 ;
    %vpi_call 2 233 "$finish" {0 0 0};
    %end;
    .thread T_7;
# The file index is used to find the file name in the following table.
:file_names 3;
    "N/A";
    "<interactive>";
    "pinkyfloat.v";
